INFO [2025-01-17 01:44:24] Loading simulation results...
INFO [2025-01-17 01:44:36] Summarizing runs with zero variance in class-memberships

Total number of failed runs: 188 / 6750
size & blocks:
     
        2   3   5  10
  50   17  36 123   0
  100   0   0   9   0
  500   0   0   0   3


Block-structure type:

cycl hier symm 
  29  130   29 


alpha (nu parameter in paper):

 0.5 0.75    1 
  64   61   63 


beta (gamma parameter in paper):

  1   2 
178  10 


sparse:

FALSE 
  188 


INFO [2025-01-17 01:44:36] Recoding variables for plotting ...
INFO [2025-01-17 01:44:36] Plotting run times ...
null device 
          1 
Median runtimes:
               n blocks         10%         50%        90%
          <fctr> <fctr>       <num>       <num>      <num>
 1:   Nodes = 50 M =  2  0.05315671  0.06622493  0.1018444
 2:   Nodes = 50 M =  3  0.05121710  0.08237207  0.1369349
 3:   Nodes = 50 M =  5  0.05234487  0.09864521  0.1910748
 4: Nodes =  100 M =  2  0.20999486  0.29203653  0.4224169
 5: Nodes =  100 M =  3  0.23446856  0.37652493  0.5529053
 6: Nodes =  100 M =  5  0.22428553  0.46394408  0.7565768
 7:  Nodes = 500 M =  2 10.08517349 13.28635216 18.2104146
 8:  Nodes = 500 M =  3 10.25415845 14.23968649 19.5840394
 9:  Nodes = 500 M =  5  9.86977317 14.12316406 21.2284121
10:  Nodes = 500 M = 10  6.52442510 20.78302407 34.8145744
INFO [2025-01-17 01:44:37] Plotting block recovery stats ...
null device 
          1 
Rand Indices: 
                      nk     alpha         beta median_value
                  <fctr>    <fctr>       <fctr>        <num>
 1:   Nodes = 50, M =  2 nu = 1.00 gamma = 1.00    1.0000000
 2:   Nodes = 50, M =  2 nu = 0.75 gamma = 1.00    1.0000000
 3:   Nodes = 50, M =  2 nu = 0.50 gamma = 1.00    1.0000000
 4:   Nodes = 50, M =  2 nu = 1.00 gamma = 2.00    1.0000000
 5:   Nodes = 50, M =  2 nu = 0.75 gamma = 2.00    1.0000000
 6:   Nodes = 50, M =  2 nu = 0.50 gamma = 2.00    1.0000000
 7:   Nodes = 50, M =  2 nu = 1.00 gamma = 3.00    1.0000000
 8:   Nodes = 50, M =  2 nu = 0.75 gamma = 3.00    1.0000000
 9:   Nodes = 50, M =  2 nu = 0.50 gamma = 3.00    1.0000000
10:   Nodes = 50, M =  3 nu = 1.00 gamma = 1.00    1.0000000
11:   Nodes = 50, M =  3 nu = 0.75 gamma = 1.00    1.0000000
12:   Nodes = 50, M =  3 nu = 0.50 gamma = 1.00    1.0000000
13:   Nodes = 50, M =  3 nu = 1.00 gamma = 2.00    1.0000000
14:   Nodes = 50, M =  3 nu = 0.75 gamma = 2.00    1.0000000
15:   Nodes = 50, M =  3 nu = 0.50 gamma = 2.00    1.0000000
16:   Nodes = 50, M =  3 nu = 1.00 gamma = 3.00    1.0000000
17:   Nodes = 50, M =  3 nu = 0.75 gamma = 3.00    1.0000000
18:   Nodes = 50, M =  3 nu = 0.50 gamma = 3.00    1.0000000
19:   Nodes = 50, M =  5 nu = 1.00 gamma = 1.00    0.9151020
20:   Nodes = 50, M =  5 nu = 0.75 gamma = 1.00    0.9485714
21:   Nodes = 50, M =  5 nu = 0.50 gamma = 1.00    0.9485714
22:   Nodes = 50, M =  5 nu = 1.00 gamma = 2.00    0.9632653
23:   Nodes = 50, M =  5 nu = 0.75 gamma = 2.00    0.9673469
24:   Nodes = 50, M =  5 nu = 0.50 gamma = 2.00    0.9800000
25:   Nodes = 50, M =  5 nu = 1.00 gamma = 3.00    1.0000000
26:   Nodes = 50, M =  5 nu = 0.75 gamma = 3.00    1.0000000
27:   Nodes = 50, M =  5 nu = 0.50 gamma = 3.00    0.9836735
28: Nodes =  100, M =  2 nu = 1.00 gamma = 1.00    1.0000000
29: Nodes =  100, M =  2 nu = 0.75 gamma = 1.00    1.0000000
30: Nodes =  100, M =  2 nu = 0.50 gamma = 1.00    1.0000000
31: Nodes =  100, M =  2 nu = 1.00 gamma = 2.00    1.0000000
32: Nodes =  100, M =  2 nu = 0.75 gamma = 2.00    1.0000000
33: Nodes =  100, M =  2 nu = 0.50 gamma = 2.00    1.0000000
34: Nodes =  100, M =  2 nu = 1.00 gamma = 3.00    1.0000000
35: Nodes =  100, M =  2 nu = 0.75 gamma = 3.00    1.0000000
36: Nodes =  100, M =  2 nu = 0.50 gamma = 3.00    1.0000000
37: Nodes =  100, M =  3 nu = 1.00 gamma = 1.00    1.0000000
38: Nodes =  100, M =  3 nu = 0.75 gamma = 1.00    1.0000000
39: Nodes =  100, M =  3 nu = 0.50 gamma = 1.00    1.0000000
40: Nodes =  100, M =  3 nu = 1.00 gamma = 2.00    1.0000000
41: Nodes =  100, M =  3 nu = 0.75 gamma = 2.00    1.0000000
42: Nodes =  100, M =  3 nu = 0.50 gamma = 2.00    1.0000000
43: Nodes =  100, M =  3 nu = 1.00 gamma = 3.00    1.0000000
44: Nodes =  100, M =  3 nu = 0.75 gamma = 3.00    1.0000000
45: Nodes =  100, M =  3 nu = 0.50 gamma = 3.00    1.0000000
46: Nodes =  100, M =  5 nu = 1.00 gamma = 1.00    0.9497980
47: Nodes =  100, M =  5 nu = 0.75 gamma = 1.00    0.9684848
48: Nodes =  100, M =  5 nu = 0.50 gamma = 1.00    0.9818182
49: Nodes =  100, M =  5 nu = 1.00 gamma = 2.00    1.0000000
50: Nodes =  100, M =  5 nu = 0.75 gamma = 2.00    1.0000000
51: Nodes =  100, M =  5 nu = 0.50 gamma = 2.00    0.9854545
52: Nodes =  100, M =  5 nu = 1.00 gamma = 3.00    1.0000000
53: Nodes =  100, M =  5 nu = 0.75 gamma = 3.00    0.9777778
54: Nodes =  100, M =  5 nu = 0.50 gamma = 3.00    0.9838384
55:  Nodes = 500, M =  2 nu = 1.00 gamma = 1.00    1.0000000
56:  Nodes = 500, M =  2 nu = 0.75 gamma = 1.00    1.0000000
57:  Nodes = 500, M =  2 nu = 0.50 gamma = 1.00    1.0000000
58:  Nodes = 500, M =  2 nu = 1.00 gamma = 2.00    1.0000000
59:  Nodes = 500, M =  2 nu = 0.75 gamma = 2.00    1.0000000
60:  Nodes = 500, M =  2 nu = 0.50 gamma = 2.00    1.0000000
61:  Nodes = 500, M =  2 nu = 1.00 gamma = 3.00    1.0000000
62:  Nodes = 500, M =  2 nu = 0.75 gamma = 3.00    1.0000000
63:  Nodes = 500, M =  2 nu = 0.50 gamma = 3.00    1.0000000
64:  Nodes = 500, M =  3 nu = 1.00 gamma = 1.00    1.0000000
65:  Nodes = 500, M =  3 nu = 0.75 gamma = 1.00    1.0000000
66:  Nodes = 500, M =  3 nu = 0.50 gamma = 1.00    1.0000000
67:  Nodes = 500, M =  3 nu = 1.00 gamma = 2.00    1.0000000
68:  Nodes = 500, M =  3 nu = 0.75 gamma = 2.00    1.0000000
69:  Nodes = 500, M =  3 nu = 0.50 gamma = 2.00    1.0000000
70:  Nodes = 500, M =  3 nu = 1.00 gamma = 3.00    1.0000000
71:  Nodes = 500, M =  3 nu = 0.75 gamma = 3.00    1.0000000
72:  Nodes = 500, M =  3 nu = 0.50 gamma = 3.00    1.0000000
73:  Nodes = 500, M =  5 nu = 1.00 gamma = 1.00    1.0000000
74:  Nodes = 500, M =  5 nu = 0.75 gamma = 1.00    1.0000000
75:  Nodes = 500, M =  5 nu = 0.50 gamma = 1.00    1.0000000
76:  Nodes = 500, M =  5 nu = 1.00 gamma = 2.00    1.0000000
77:  Nodes = 500, M =  5 nu = 0.75 gamma = 2.00    1.0000000
78:  Nodes = 500, M =  5 nu = 0.50 gamma = 2.00    0.9809539
79:  Nodes = 500, M =  5 nu = 1.00 gamma = 3.00    1.0000000
80:  Nodes = 500, M =  5 nu = 0.75 gamma = 3.00    1.0000000
81:  Nodes = 500, M =  5 nu = 0.50 gamma = 3.00    0.9813868
82:  Nodes = 500, M = 10 nu = 1.00 gamma = 1.00    0.9145651
83:  Nodes = 500, M = 10 nu = 0.75 gamma = 1.00    0.9209459
84:  Nodes = 500, M = 10 nu = 0.50 gamma = 1.00    0.9780441
85:  Nodes = 500, M = 10 nu = 1.00 gamma = 2.00    0.9443046
86:  Nodes = 500, M = 10 nu = 0.75 gamma = 2.00    0.9572665
87:  Nodes = 500, M = 10 nu = 0.50 gamma = 2.00    0.9736593
88:  Nodes = 500, M = 10 nu = 1.00 gamma = 3.00    0.9438557
89:  Nodes = 500, M = 10 nu = 0.75 gamma = 3.00    0.9582204
90:  Nodes = 500, M = 10 nu = 0.50 gamma = 3.00    0.9699238
                      nk     alpha         beta median_value
5 smallest Rand Indices:
                    nk     alpha         beta median_value
                <fctr>    <fctr>       <fctr>        <num>
1: Nodes = 500, M = 10 nu = 1.00 gamma = 1.00    0.9145651
2:  Nodes = 50, M =  5 nu = 1.00 gamma = 1.00    0.9151020
3: Nodes = 500, M = 10 nu = 0.75 gamma = 1.00    0.9209459
4: Nodes = 500, M = 10 nu = 1.00 gamma = 3.00    0.9438557
5: Nodes = 500, M = 10 nu = 1.00 gamma = 2.00    0.9443046
null device 
          1 
NMI values: 
                      nk     alpha         beta median_value
                  <fctr>    <fctr>       <fctr>        <num>
 1:   Nodes = 50, M =  2 nu = 1.00 gamma = 1.00    1.0000000
 2:   Nodes = 50, M =  2 nu = 0.75 gamma = 1.00    1.0000000
 3:   Nodes = 50, M =  2 nu = 0.50 gamma = 1.00    1.0000000
 4:   Nodes = 50, M =  2 nu = 1.00 gamma = 2.00    1.0000000
 5:   Nodes = 50, M =  2 nu = 0.75 gamma = 2.00    1.0000000
 6:   Nodes = 50, M =  2 nu = 0.50 gamma = 2.00    1.0000000
 7:   Nodes = 50, M =  2 nu = 1.00 gamma = 3.00    1.0000000
 8:   Nodes = 50, M =  2 nu = 0.75 gamma = 3.00    1.0000000
 9:   Nodes = 50, M =  2 nu = 0.50 gamma = 3.00    1.0000000
10:   Nodes = 50, M =  3 nu = 1.00 gamma = 1.00    1.0000000
11:   Nodes = 50, M =  3 nu = 0.75 gamma = 1.00    1.0000000
12:   Nodes = 50, M =  3 nu = 0.50 gamma = 1.00    1.0000000
13:   Nodes = 50, M =  3 nu = 1.00 gamma = 2.00    1.0000000
14:   Nodes = 50, M =  3 nu = 0.75 gamma = 2.00    1.0000000
15:   Nodes = 50, M =  3 nu = 0.50 gamma = 2.00    1.0000000
16:   Nodes = 50, M =  3 nu = 1.00 gamma = 3.00    1.0000000
17:   Nodes = 50, M =  3 nu = 0.75 gamma = 3.00    1.0000000
18:   Nodes = 50, M =  3 nu = 0.50 gamma = 3.00    1.0000000
19:   Nodes = 50, M =  5 nu = 1.00 gamma = 1.00    0.8741416
20:   Nodes = 50, M =  5 nu = 0.75 gamma = 1.00    0.8987633
21:   Nodes = 50, M =  5 nu = 0.50 gamma = 1.00    0.8983974
22:   Nodes = 50, M =  5 nu = 1.00 gamma = 2.00    0.9381180
23:   Nodes = 50, M =  5 nu = 0.75 gamma = 2.00    0.9351554
24:   Nodes = 50, M =  5 nu = 0.50 gamma = 2.00    0.9480772
25:   Nodes = 50, M =  5 nu = 1.00 gamma = 3.00    1.0000000
26:   Nodes = 50, M =  5 nu = 0.75 gamma = 3.00    1.0000000
27:   Nodes = 50, M =  5 nu = 0.50 gamma = 3.00    0.9530061
28: Nodes =  100, M =  2 nu = 1.00 gamma = 1.00    1.0000000
29: Nodes =  100, M =  2 nu = 0.75 gamma = 1.00    1.0000000
30: Nodes =  100, M =  2 nu = 0.50 gamma = 1.00    1.0000000
31: Nodes =  100, M =  2 nu = 1.00 gamma = 2.00    1.0000000
32: Nodes =  100, M =  2 nu = 0.75 gamma = 2.00    1.0000000
33: Nodes =  100, M =  2 nu = 0.50 gamma = 2.00    1.0000000
34: Nodes =  100, M =  2 nu = 1.00 gamma = 3.00    1.0000000
35: Nodes =  100, M =  2 nu = 0.75 gamma = 3.00    1.0000000
36: Nodes =  100, M =  2 nu = 0.50 gamma = 3.00    1.0000000
37: Nodes =  100, M =  3 nu = 1.00 gamma = 1.00    1.0000000
38: Nodes =  100, M =  3 nu = 0.75 gamma = 1.00    1.0000000
39: Nodes =  100, M =  3 nu = 0.50 gamma = 1.00    1.0000000
40: Nodes =  100, M =  3 nu = 1.00 gamma = 2.00    1.0000000
41: Nodes =  100, M =  3 nu = 0.75 gamma = 2.00    1.0000000
42: Nodes =  100, M =  3 nu = 0.50 gamma = 2.00    1.0000000
43: Nodes =  100, M =  3 nu = 1.00 gamma = 3.00    1.0000000
44: Nodes =  100, M =  3 nu = 0.75 gamma = 3.00    1.0000000
45: Nodes =  100, M =  3 nu = 0.50 gamma = 3.00    1.0000000
46: Nodes =  100, M =  5 nu = 1.00 gamma = 1.00    0.9156974
47: Nodes =  100, M =  5 nu = 0.75 gamma = 1.00    0.9404779
48: Nodes =  100, M =  5 nu = 0.50 gamma = 1.00    0.9440139
49: Nodes =  100, M =  5 nu = 1.00 gamma = 2.00    1.0000000
50: Nodes =  100, M =  5 nu = 0.75 gamma = 2.00    1.0000000
51: Nodes =  100, M =  5 nu = 0.50 gamma = 2.00    0.9553422
52: Nodes =  100, M =  5 nu = 1.00 gamma = 3.00    1.0000000
53: Nodes =  100, M =  5 nu = 0.75 gamma = 3.00    0.9438158
54: Nodes =  100, M =  5 nu = 0.50 gamma = 3.00    0.9530389
55:  Nodes = 500, M =  2 nu = 1.00 gamma = 1.00    1.0000000
56:  Nodes = 500, M =  2 nu = 0.75 gamma = 1.00    1.0000000
57:  Nodes = 500, M =  2 nu = 0.50 gamma = 1.00    1.0000000
58:  Nodes = 500, M =  2 nu = 1.00 gamma = 2.00    1.0000000
59:  Nodes = 500, M =  2 nu = 0.75 gamma = 2.00    1.0000000
60:  Nodes = 500, M =  2 nu = 0.50 gamma = 2.00    1.0000000
61:  Nodes = 500, M =  2 nu = 1.00 gamma = 3.00    1.0000000
62:  Nodes = 500, M =  2 nu = 0.75 gamma = 3.00    1.0000000
63:  Nodes = 500, M =  2 nu = 0.50 gamma = 3.00    1.0000000
64:  Nodes = 500, M =  3 nu = 1.00 gamma = 1.00    1.0000000
65:  Nodes = 500, M =  3 nu = 0.75 gamma = 1.00    1.0000000
66:  Nodes = 500, M =  3 nu = 0.50 gamma = 1.00    1.0000000
67:  Nodes = 500, M =  3 nu = 1.00 gamma = 2.00    1.0000000
68:  Nodes = 500, M =  3 nu = 0.75 gamma = 2.00    1.0000000
69:  Nodes = 500, M =  3 nu = 0.50 gamma = 2.00    1.0000000
70:  Nodes = 500, M =  3 nu = 1.00 gamma = 3.00    1.0000000
71:  Nodes = 500, M =  3 nu = 0.75 gamma = 3.00    1.0000000
72:  Nodes = 500, M =  3 nu = 0.50 gamma = 3.00    1.0000000
73:  Nodes = 500, M =  5 nu = 1.00 gamma = 1.00    1.0000000
74:  Nodes = 500, M =  5 nu = 0.75 gamma = 1.00    1.0000000
75:  Nodes = 500, M =  5 nu = 0.50 gamma = 1.00    1.0000000
76:  Nodes = 500, M =  5 nu = 1.00 gamma = 2.00    1.0000000
77:  Nodes = 500, M =  5 nu = 0.75 gamma = 2.00    1.0000000
78:  Nodes = 500, M =  5 nu = 0.50 gamma = 2.00    0.9514237
79:  Nodes = 500, M =  5 nu = 1.00 gamma = 3.00    1.0000000
80:  Nodes = 500, M =  5 nu = 0.75 gamma = 3.00    1.0000000
81:  Nodes = 500, M =  5 nu = 0.50 gamma = 3.00    0.9529456
82:  Nodes = 500, M = 10 nu = 1.00 gamma = 1.00    0.8581576
83:  Nodes = 500, M = 10 nu = 0.75 gamma = 1.00    0.8639775
84:  Nodes = 500, M = 10 nu = 0.50 gamma = 1.00    0.9288625
85:  Nodes = 500, M = 10 nu = 1.00 gamma = 2.00    0.8993122
86:  Nodes = 500, M = 10 nu = 0.75 gamma = 2.00    0.9157045
87:  Nodes = 500, M = 10 nu = 0.50 gamma = 2.00    0.9256066
88:  Nodes = 500, M = 10 nu = 1.00 gamma = 3.00    0.9028960
89:  Nodes = 500, M = 10 nu = 0.75 gamma = 3.00    0.9135191
90:  Nodes = 500, M = 10 nu = 0.50 gamma = 3.00    0.9113570
                      nk     alpha         beta median_value
5 smallest NMI values:
                    nk     alpha         beta median_value
                <fctr>    <fctr>       <fctr>        <num>
1: Nodes = 500, M = 10 nu = 1.00 gamma = 1.00    0.8581576
2: Nodes = 500, M = 10 nu = 0.75 gamma = 1.00    0.8639775
3:  Nodes = 50, M =  5 nu = 1.00 gamma = 1.00    0.8741416
4:  Nodes = 50, M =  5 nu = 0.50 gamma = 1.00    0.8983974
5:  Nodes = 50, M =  5 nu = 0.75 gamma = 1.00    0.8987633


Session Information --------------

R version 4.4.1 (2024-06-14)
Platform: x86_64-pc-linux-gnu
Running under: Ubuntu 20.04.6 LTS

Matrix products: default
BLAS:   /usr/lib/x86_64-linux-gnu/openblas-pthread/libblas.so.3 
LAPACK: /usr/lib/x86_64-linux-gnu/openblas-pthread/liblapack.so.3;  LAPACK version 3.9.0

locale:
 [1] LC_CTYPE=C.UTF-8       LC_NUMERIC=C           LC_TIME=C.UTF-8       
 [4] LC_COLLATE=C.UTF-8     LC_MONETARY=C.UTF-8    LC_MESSAGES=C.UTF-8   
 [7] LC_PAPER=C.UTF-8       LC_NAME=C              LC_ADDRESS=C          
[10] LC_TELEPHONE=C         LC_MEASUREMENT=C.UTF-8 LC_IDENTIFICATION=C   

time zone: US/Eastern
tzcode source: system (glibc)

attached base packages:
[1] stats     graphics  grDevices utils     datasets  methods   base     

other attached packages:
[1] ggplot2_3.5.1     sbmob_0.0.1.4     data.table_1.15.4

loaded via a namespace (and not attached):
 [1] labeling_0.4.3   utf8_1.2.4       R6_2.5.1         farver_2.1.2    
 [5] magrittr_2.0.3   gtable_0.3.5     glue_1.7.0       tibble_3.2.1    
 [9] import_1.3.2     pkgconfig_2.0.3  logger_0.3.0     lifecycle_1.0.4 
[13] cli_3.6.2        fansi_1.0.6      scales_1.3.0     grid_4.4.1      
[17] vctrs_0.6.5      withr_3.0.0      renv_1.0.7       compiler_4.4.1  
[21] tools_4.4.1      pillar_1.9.0     munsell_0.5.1    Rcpp_1.0.12     
[25] colorspace_2.1-0 rlang_1.1.4     
