INFO [2025-01-16 13:19:48] Creating homophily example ...
Warning message:
The `size` argument of `element_rect()` is deprecated as of ggplot2 3.4.0.
ℹ Please use the `linewidth` argument instead. 
INFO [2025-01-16 13:19:49] Creating hierarchy example ...
INFO [2025-01-16 13:19:50] Creating exchange example ...
INFO [2025-01-16 13:19:50] Creating cyclical example ...


Session Information --------------

R version 4.4.1 (2024-06-14)
Platform: x86_64-pc-linux-gnu
Running under: Ubuntu 20.04.6 LTS

Matrix products: default
BLAS:   /usr/lib/x86_64-linux-gnu/openblas-pthread/libblas.so.3 
LAPACK: /usr/lib/x86_64-linux-gnu/openblas-pthread/liblapack.so.3;  LAPACK version 3.9.0

locale:
 [1] LC_CTYPE=C.UTF-8       LC_NUMERIC=C           LC_TIME=C.UTF-8       
 [4] LC_COLLATE=C.UTF-8     LC_MONETARY=C.UTF-8    LC_MESSAGES=C.UTF-8   
 [7] LC_PAPER=C.UTF-8       LC_NAME=C              LC_ADDRESS=C          
[10] LC_TELEPHONE=C         LC_MEASUREMENT=C.UTF-8 LC_IDENTIFICATION=C   

time zone: US/Eastern
tzcode source: system (glibc)

attached base packages:
[1] stats     graphics  grDevices utils     datasets  methods   base     

other attached packages:
[1] ggplot2_3.5.1     sbmob_0.0.1.4     data.table_1.15.4

loaded via a namespace (and not attached):
 [1] utf8_1.2.4       R6_2.5.1         farver_2.1.2     magrittr_2.0.3  
 [5] gtable_0.3.5     glue_1.7.0       tibble_3.2.1     import_1.3.2    
 [9] pkgconfig_2.0.3  logger_0.3.0     lifecycle_1.0.4  cli_3.6.2       
[13] fansi_1.0.6      scales_1.3.0     grid_4.4.1       vctrs_0.6.5     
[17] withr_3.0.0      renv_1.0.7       compiler_4.4.1   tools_4.4.1     
[21] pillar_1.9.0     munsell_0.5.1    Rcpp_1.0.12      colorspace_2.1-0
[25] rlang_1.1.4     
