INFO [2025-01-17 01:43:33] Loading data & models...
INFO [2025-01-17 01:43:33] Plotting ICL and ELBO ...
INFO [2025-01-17 01:43:35] Plotting base mobility pattern ...
pdf 
  2 
INFO [2025-01-17 01:43:35] Selection of statistics:
Average mobilty ratio within block 1: 0.788
Average mobilty ratio within block 2: 0.252
Average mobilty ratio between block 1 and 2: 0.403
INFO [2025-01-17 01:43:35] Plotting Breiger and VEM partition ...
pdf 
  2 
INFO [2025-01-17 01:43:36] Creating crosstab between two partitions ...
Rand index: 0.93
Normalized mutual information: 0.87
INFO [2025-01-17 01:43:36] Goodman's collapsibility tests
Classes that pass test in VEM partition: 
Empty data.table (0 rows and 4 cols): G2,df,p,Collapsed Rows/Cols
Pairs that pass the test:
         G2    df         p Collapsed Rows/Cols
      <num> <num>     <num>              <char>
1: 17.62191    29 0.9516164                3, 4
INFO [2025-01-17 01:43:37] Comparing partitions with BIC ...
INFO [2025-01-17 01:43:37] Trying out community detection algorithms ...


Session Information --------------

R version 4.4.1 (2024-06-14)
Platform: x86_64-pc-linux-gnu
Running under: Ubuntu 20.04.6 LTS

Matrix products: default
BLAS:   /usr/lib/x86_64-linux-gnu/openblas-pthread/libblas.so.3 
LAPACK: /usr/lib/x86_64-linux-gnu/openblas-pthread/liblapack.so.3;  LAPACK version 3.9.0

locale:
 [1] LC_CTYPE=C.UTF-8       LC_NUMERIC=C           LC_TIME=C.UTF-8       
 [4] LC_COLLATE=C.UTF-8     LC_MONETARY=C.UTF-8    LC_MESSAGES=C.UTF-8   
 [7] LC_PAPER=C.UTF-8       LC_NAME=C              LC_ADDRESS=C          
[10] LC_TELEPHONE=C         LC_MEASUREMENT=C.UTF-8 LC_IDENTIFICATION=C   

time zone: US/Eastern
tzcode source: system (glibc)

attached base packages:
[1] stats     graphics  grDevices utils     datasets  methods   base     

other attached packages:
[1] igraph_2.0.3      gridExtra_2.3     ggplot2_3.5.1     sbmob_0.0.1.4    
[5] data.table_1.15.4

loaded via a namespace (and not attached):
 [1] vctrs_0.6.5       cli_3.6.2         import_1.3.2      rlang_1.1.4      
 [5] renv_1.0.7        glue_1.7.0        labeling_0.4.3    colorspace_2.1-0 
 [9] scales_1.3.0      fansi_1.0.6       grid_4.4.1        munsell_0.5.1    
[13] tibble_3.2.1      lifecycle_1.0.4   compiler_4.4.1    Rcpp_1.0.12      
[17] pkgconfig_2.0.3   lattice_0.22-5    farver_2.1.2      viridisLite_0.4.2
[21] R6_2.5.1          utf8_1.2.4        pillar_1.9.0      magrittr_2.0.3   
[25] logger_0.3.0      Matrix_1.6-5      tools_4.4.1       withr_3.0.0      
[29] gtable_0.3.5     
