INFO [2025-01-16 13:19:48] Loading data ...
INFO [2025-01-16 13:19:48] Start fitting models ...

Model info ---------------------------------------------
Number of occupations: 17
Fitting up to 8 blocks
Initializing 30 times in parallel
Mobility network is connected
--------------------------------------------------------

INFO [2025-01-16 13:19:48] Fitting 2 blocks to data ...
INFO [2025-01-16 13:19:49] Done!
Maximized ELBO: -2187.88945
INFO [2025-01-16 13:19:49] Fitting 3 blocks to data ...
INFO [2025-01-16 13:19:49] Done!
Maximized ELBO: -1210.9176
INFO [2025-01-16 13:19:49] Fitting 4 blocks to data ...
INFO [2025-01-16 13:19:49] Done!
Maximized ELBO: -1109.40974
INFO [2025-01-16 13:19:49] Fitting 5 blocks to data ...
INFO [2025-01-16 13:19:49] Done!
Maximized ELBO: -1035.96853
INFO [2025-01-16 13:19:49] Fitting 6 blocks to data ...
INFO [2025-01-16 13:19:50] Done!
Maximized ELBO: -998.94719
INFO [2025-01-16 13:19:50] Fitting 7 blocks to data ...
INFO [2025-01-16 13:19:50] Done!
Maximized ELBO: -966.97802
INFO [2025-01-16 13:19:50] Fitting 8 blocks to data ...
INFO [2025-01-16 13:19:50] Done!
Maximized ELBO: -950.38385
INFO [2025-01-16 13:19:50] Saving results ...


Session Information --------------

R version 4.4.1 (2024-06-14)
Platform: x86_64-pc-linux-gnu
Running under: Ubuntu 20.04.6 LTS

Matrix products: default
BLAS:   /usr/lib/x86_64-linux-gnu/openblas-pthread/libblas.so.3 
LAPACK: /usr/lib/x86_64-linux-gnu/openblas-pthread/liblapack.so.3;  LAPACK version 3.9.0

locale:
 [1] LC_CTYPE=C.UTF-8       LC_NUMERIC=C           LC_TIME=C.UTF-8       
 [4] LC_COLLATE=C.UTF-8     LC_MONETARY=C.UTF-8    LC_MESSAGES=C.UTF-8   
 [7] LC_PAPER=C.UTF-8       LC_NAME=C              LC_ADDRESS=C          
[10] LC_TELEPHONE=C         LC_MEASUREMENT=C.UTF-8 LC_IDENTIFICATION=C   

time zone: US/Eastern
tzcode source: system (glibc)

attached base packages:
[1] parallel  stats     graphics  grDevices utils     datasets  methods  
[8] base     

other attached packages:
[1] doRNG_1.8.6       rngtools_1.5.2    doParallel_1.0.17 iterators_1.0.14 
[5] foreach_1.5.2     sbmob_0.0.1.4     data.table_1.15.4

loaded via a namespace (and not attached):
[1] import_1.3.2     compiler_4.4.1   logger_0.3.0     tools_4.4.1     
[5] glue_1.7.0       Rcpp_1.0.12      codetools_0.2-19 digest_0.6.35   
[9] renv_1.0.7      
