running
  '/Library/Frameworks/R.framework/Versions/4.1/Resources/bin/R --no-echo --no-restore --vanilla --file=0_Setup_Data_and_Models.R'



----------- Installing packages and cmdstan...


here() starts at /Volumes/D/_projects/socialspace_rep


----------- Running 1-1_Read_GSS_&_Pop_Est.R...


Loading required package: grid
Loading required package: Matrix
Loading required package: survival

Attaching package: ‘survey’

The following object is masked from ‘package:graphics’:

    dotchart



----------- Running 1-2_Data_Setup.R...


Saving data ... 


----------- Running 1-3_Predictor_Setup.R...




----------- Running 1-4_Pop_Ests.R...


Saving population proportion for core groups ... 


----------- Running 2-1_Model_Codes.R...




---- Session Info ----
R version 4.1.0 (2021-05-18)
Platform: x86_64-apple-darwin17.0 (64-bit)
Running under: macOS Big Sur 10.16

Matrix products: default
BLAS:   /Library/Frameworks/R.framework/Versions/4.1/Resources/lib/libRblas.dylib
LAPACK: /Library/Frameworks/R.framework/Versions/4.1/Resources/lib/libRlapack.dylib

locale:
[1] en_US.UTF-8/en_US.UTF-8/en_US.UTF-8/C/en_US.UTF-8/en_US.UTF-8

attached base packages:
[1] grid      stats     graphics  grDevices utils     datasets  methods  
[8] base     

other attached packages:
[1] survey_4.1-1      survival_3.2-11   Matrix_1.3-3      data.table_1.14.0
[5] here_1.0.1       

loaded via a namespace (and not attached):
 [1] mclust_5.4.7         Rcpp_1.0.7           lattice_0.20-44     
 [4] tidyr_1.1.3          prettyunits_1.1.1    ps_1.6.0            
 [7] rprojroot_2.0.2      digest_0.6.27        utf8_1.2.2          
[10] V8_3.4.2             R6_2.5.0             plyr_1.8.6          
[13] ggridges_0.5.3       stats4_4.1.0         httr_1.4.2          
[16] ggplot2_3.3.3        pillar_1.6.2         rlang_0.4.11        
[19] lazyeval_0.2.2       curl_4.3.1           callr_3.7.0         
[22] splines_4.1.0        stringr_1.4.0        htmlwidgets_1.5.3   
[25] loo_2.4.1            munsell_0.5.0        xfun_0.23           
[28] compiler_4.1.0       rstan_2.21.2         pkgconfig_2.0.3     
[31] pkgbuild_1.2.0       htmltools_0.5.1.1    mitools_2.4         
[34] tidyselect_1.1.1     tibble_3.1.3         gridExtra_2.3       
[37] codetools_0.2-18     matrixStats_0.60.1   fansi_0.5.0         
[40] viridisLite_0.4.0    crayon_1.4.1         dplyr_1.0.7         
[43] withr_2.4.2          MASS_7.3-54          jsonlite_1.7.2      
[46] gtable_0.3.0         lifecycle_1.0.0      DBI_1.1.1           
[49] magrittr_2.0.1       StanHeaders_2.21.0-7 scales_1.1.1        
[52] RcppParallel_5.1.4   cli_3.0.1            stringi_1.6.2       
[55] reshape2_1.4.4       ellipsis_0.3.2       generics_0.1.0      
[58] vctrs_0.3.8          tools_4.1.0          readstata13_0.10.0  
[61] glue_1.4.2           purrr_0.3.4          processx_3.5.2      
[64] parallel_4.1.0       inline_0.3.19        colorspace_2.0-1    
[67] bayesplot_1.8.1      plotly_4.9.4.1       knitr_1.33          
[70] cmdstanr_0.4.0      
